[2014/10/11 - 12:8:26] * Tony Zill asignó a Alex Urquiza administrador nivel [99999]
[2014/10/11 - 12:8:26] * El usuario Alex Urquiza se le ha modificado su nivel administrativo a 99999 
[2014/10/11 - 12:20:59] * Alex Urquiza asignó a Tony Zill administrador nivel [99999]
[2014/10/11 - 12:20:59] * El usuario Tony Zill se le ha modificado su nivel administrativo a 99999 
[2014/10/19 - 22:16:50] * Tony Zill asignó a Tony Zill administrador nivel [0]
[2014/10/19 - 22:16:50] * El usuario Tony Zill se le ha modificado su nivel administrativo a 0 
[2014/10/20 - 13:18:43] * Tony Zill asignó a Tony Zill administrador nivel [99999]
[2014/10/20 - 13:18:43] * El usuario Tony Zill se le ha modificado su nivel administrativo a 99999 
[2014/10/20 - 13:19:12] * Tony Zill asignó a Tony Zill administrador nivel [99999]
[2014/10/20 - 13:19:12] * El usuario Tony Zill se le ha modificado su nivel administrativo a 99999 
[2014/10/20 - 13:57:47] * Tony Zill asignó a Tony Zill administrador nivel [999999]
[2014/10/20 - 13:57:47] * El usuario Tony Zill se le ha modificado su nivel administrativo a 999999 
[2014/11/2 - 10:13:31] * Tony Zill asignó a Tony Zill administrador nivel [0]
[2014/11/2 - 10:13:31] * El usuario Tony Zill se le ha modificado su nivel administrativo a 0 
[2014/11/2 - 12:55:51] * Tony Zill asignó a Tony Zill administrador nivel [2]
[2014/11/2 - 12:55:51] * El usuario Tony Zill se le ha modificado su nivel administrativo a 2 
[2014/11/5 - 11:57:23] * Tony Zill asignó a Tony Zill administrador nivel [0]
[2014/11/5 - 11:57:23] * El usuario Tony Zill se le ha modificado su nivel administrativo a 0 
[2014/11/5 - 12:11:36] * Tony Zill asignó a Tony Zill administrador nivel [0]
[2014/11/5 - 12:11:36] * El usuario Tony Zill se le ha modificado su nivel administrativo a 0 
[2014/11/5 - 16:26:18] * Tony Zill asignó a Tony Zill administrador nivel [9999]
[2014/11/5 - 16:26:18] * El usuario Tony Zill se le ha modificado su nivel administrativo a 9999 
[2014/11/5 - 16:26:20] * Tony Zill asignó a Tony Zill administrador nivel [99999]
[2014/11/5 - 16:26:20] * El usuario Tony Zill se le ha modificado su nivel administrativo a 99999 
[2014/11/5 - 16:31:15] * Tony Zill asignó a Tony Zill administrador nivel [99999]
[2014/11/5 - 16:31:15] * El usuario Tony Zill se le ha modificado su nivel administrativo a 99999 
[2014/11/5 - 16:31:23] * Tony Zill asignó a Tony Zill administrador nivel [999999]
[2014/11/5 - 16:31:23] * El usuario Tony Zill se le ha modificado su nivel administrativo a 999999 
