----------------------------------------
Fecha: 10/11/2014 - Hora: 12:55
(1) : 0
(2) : 0
(3) : 0
(4) : 0
(5) : 0
(6) : 0
(7) : 0
(8) : 0
(9) : 0
(10) : 0
(11) : 0
(12) : 0
(13) : 0
(14) : 0
(15) : 0
----------------------------------------
Fecha: 10/19/2014 - Hora: 11:46
(1) : 0
(2) : 0
(3) : 0
(4) : 0
(5) : 0
(6) : 0
(7) : 0
(8) : 0
(9) : 0
(10) : 0
(11) : 0
(12) : 0
(13) : 0
(14) : 0
(15) : 0
----------------------------------------
Fecha: 10/20/2014 - Hora: 13:52
(1) : 0
(2) : 0
(3) : 0
(4) : 0
(5) : 0
(6) : 0
(7) : 0
(8) : 0
(9) : 0
(10) : 0
(11) : 0
(12) : 0
(13) : 0
(14) : 0
(15) : 0
----------------------------------------
Fecha: 10/20/2014 - Hora: 13:52
(1) : 0
(2) : 0
(3) : 0
(4) : 0
(5) : 0
(6) : 0
(7) : 0
(8) : 0
(9) : 0
(10) : 0
(11) : 0
(12) : 0
(13) : 0
(14) : 0
(15) : 0
----------------------------------------
Fecha: 10/20/2014 - Hora: 15:43
(1) : 0
(2) : 0
(3) : 0
(4) : 0
(5) : 0
(6) : 0
(7) : 0
(8) : 0
(9) : 0
(10) : 0
(11) : 0
(12) : 0
(13) : 0
(14) : 0
(15) : 0
----------------------------------------
Fecha: 10/26/2014 - Hora: 19:50
(1) : 0
(2) : 0
(3) : 0
(4) : 0
(5) : 0
(6) : 0
(7) : 0
(8) : 0
(9) : 0
(10) : 0
(11) : 0
(12) : 0
(13) : 0
(14) : 0
(15) : 0
----------------------------------------
Fecha: 10/31/2014 - Hora: 14:42
(1) : 0
(2) : 0
(3) : 0
(4) : 0
(5) : 0
(6) : 0
(7) : 0
(8) : 0
(9) : 0
(10) : 0
(11) : 0
(12) : 0
(13) : 0
(14) : 0
(15) : 0
----------------------------------------
Fecha: 10/31/2014 - Hora: 14:42
(1) : 0
(2) : 0
(3) : 0
(4) : 0
(5) : 0
(6) : 0
(7) : 0
(8) : 0
(9) : 0
(10) : 0
(11) : 0
(12) : 0
(13) : 0
(14) : 0
(15) : 0
----------------------------------------
Fecha: 10/31/2014 - Hora: 14:42
(1) : 0
(2) : 0
(3) : 0
(4) : 0
(5) : 0
(6) : 0
(7) : 0
(8) : 0
(9) : 0
(10) : 0
(11) : 0
(12) : 0
(13) : 0
(14) : 0
(15) : 0
----------------------------------------
Fecha: 11/5/2014 - Hora: 11:57
(1) : 0
(2) : 0
(3) : 0
(4) : 0
(5) : 0
(6) : 0
(7) : 0
(8) : 0
(9) : 0
(10) : 0
(11) : 0
(12) : 0
(13) : 0
(14) : 0
(15) : 0
----------------------------------------
Fecha: 11/5/2014 - Hora: 21:34
(1) : 0
(2) : 0
(3) : 0
(4) : 0
(5) : 0
(6) : 0
(7) : 0
(8) : 0
(9) : 0
(10) : 0
(11) : 0
(12) : 0
(13) : 0
(14) : 0
(15) : 0
----------------------------------------
Fecha: 11/5/2014 - Hora: 21:34
(1) : 0
(2) : 0
(3) : 0
(4) : 0
(5) : 0
(6) : 0
(7) : 0
(8) : 0
(9) : 0
(10) : 0
(11) : 0
(12) : 0
(13) : 0
(14) : 0
(15) : 0
----------------------------------------
Fecha: 11/9/2014 - Hora: 21:31
(1) : 0
(2) : 0
(3) : 0
(4) : 0
(5) : 0
(6) : 0
(7) : 0
(8) : 0
(9) : 0
(10) : 0
(11) : 0
(12) : 0
(13) : 0
(14) : 0
(15) : 0
----------------------------------------
Fecha: 11/15/2014 - Hora: 12:54
(1) : 0
(2) : 0
(3) : 0
(4) : 0
(5) : 0
(6) : 0
(7) : 0
(8) : 0
(9) : 0
(10) : 0
(11) : 0
(12) : 0
(13) : 0
(14) : 0
(15) : 0
----------------------------------------
Fecha: 11/19/2014 - Hora: 19:32
(1) : 0
(2) : 0
(3) : 0
(4) : 0
(5) : 0
(6) : 0
(7) : 0
(8) : 0
(9) : 0
(10) : 0
(11) : 0
(12) : 0
(13) : 0
(14) : 0
(15) : 0
----------------------------------------
Fecha: 1/10/2015 - Hora: 23:34
(1) : 0
(2) : 0
(3) : 0
(4) : 0
(5) : 0
(6) : 0
(7) : 0
(8) : 0
(9) : 0
(10) : 0
(11) : 0
(12) : 0
(13) : 0
(14) : 0
(15) : 0
----------------------------------------
Fecha: 7/3/2015 - Hora: 23:29
(1) : 0
(2) : 0
(3) : 0
(4) : 0
(5) : 0
(6) : 0
----------------------------------------
Fecha: 7/3/2015 - Hora: 23:29
(1) : 0
(2) : 0
(3) : 0
(4) : 0
(5) : 0
(6) : 0
