[2014/10/20 - 13:7:17] Stil Marley editó la DoorID 56 - nombre a FBI.
[2014/10/20 - 13:8:9] Stil Marley ha editado la DoorID 0 - Exterior.
[2014/10/20 - 13:8:20] Stil Marley ha editado la DoorID 0 - PickupModel.
[2014/10/20 - 13:9:21] Stil Marley ha editado la DoorID 1 - Interior Personalizado.
[2014/10/20 - 13:9:35] Stil Marley ha editado la DoorID 1 - Interior
[2014/10/20 - 13:10:44] Stil Marley ha editado la DoorID 2 - Exterior.
[2014/10/20 - 13:11:1] Stil Marley editó la DoorID 2 - nombre a Corte Judicial .
[2014/10/20 - 13:11:9] Stil Marley ha editado la DoorID 26 - PickupModel.
[2014/10/20 - 13:11:19] Stil Marley ha editado la DoorID 2 - PickupModel.
[2014/10/20 - 13:11:26] Stil Marley ha editado la DoorID 266 - PickupModel.
[2014/10/20 - 13:11:28] Stil Marley ha editado la DoorID 26 - PickupModel.
[2014/10/20 - 13:11:38] Stil Marley ha editado la DoorID 2 - PickupModel.
[2014/10/20 - 13:11:43] Stil Marley ha editado la DoorID 2 - PickupModel.
[2014/10/20 - 13:11:46] Stil Marley ha editado la DoorID 2 - PickupModel.
[2014/10/20 - 13:13:20] Stil Marley ha editado la DoorID 2 - Interior Personalizado.
[2014/10/20 - 13:13:24] Stil Marley ha editado la DoorID 2 - Interior
[2014/10/20 - 13:13:34] Stil Marley ha editado la DoorID 2 - Exterior Personalizado.
[2014/10/20 - 13:16:32] Stil Marley ha editado la DoorID 3 - Exterior.
[2014/10/20 - 13:17:32] Stil Marley ha editado la DoorID 3 - Exterior.
[2014/10/20 - 13:17:47] Stil Marley ha editado la DoorID 4 - Exterior.
[2014/10/20 - 13:18:0] Stil Marley editó la DoorID 4 - nombre a Funeraria Los Santos.
[2014/10/20 - 13:18:17] Stil Marley ha editado la DoorID 4 - PickupModel.
[2014/10/20 - 13:20:36] Tony Zill ha editado la DoorID 4 - Interior
[2014/10/20 - 13:20:39] Tony Zill ha editado la DoorID 4 - Interior Personalizado.
[2014/10/20 - 13:21:45] Stil Marley ha editado la DoorID 5 - Exterior.
[2014/10/20 - 13:22:2] Tony Zill editó la DoorID 5 - nombre a The Lost and Damned.
[2014/10/20 - 13:22:32] Stil Marley ha editado la DoorID 5 - Interior
[2014/10/20 - 13:22:35] Stil Marley ha editado la DoorID 5 - Interior Personalizado.
[2014/10/20 - 13:27:4] Tony Zill ha editado la DoorID 6 - Interior
[2014/10/20 - 13:27:7] Tony Zill ha editado la DoorID 6 - Interior Personalizado.
[2014/10/20 - 13:28:14] Tony Zill a borrado DoorID 92.
[2014/10/20 - 13:28:21] Tony Zill ha editado la DoorID 6 - Exterior.
[2014/10/20 - 13:28:29] Tony Zill editó la DoorID 6 - nombre a Lounge VIP.
[2014/10/20 - 13:32:10] Tony Zill ha editado la DoorID 7 - Exterior.
[2014/10/20 - 13:32:15] Tony Zill ha editado la DoorID 7 - Exterior.
[2014/10/20 - 13:32:23] Tony Zill editó la DoorID 7 - nombre a 24/7 Unity.
[2014/10/20 - 13:32:44] Tony Zill ha editado la DoorID 7 - Exterior.
[2014/10/20 - 13:33:15] Tony Zill ha editado la DoorID 7 - Interior
[2014/10/20 - 13:33:28] Tony Zill ha editado la DoorID 7 - Exterior.
[2014/10/20 - 13:37:58] Tony Zill ha editado la DoorID 1 - Interior
[2014/10/20 - 13:45:4] Tony Zill ha editado la DoorID 43 - Interior
[2014/10/20 - 13:47:58] Tony Zill ha editado la DoorID 45 - Interior
[2014/10/20 - 13:48:44] Tony Zill ha editado la DoorID 38 - Interior
[2014/10/20 - 13:56:27] Tony Zill ha editado la DoorID 12 - Exterior.
[2014/10/20 - 13:58:12] Tony Zill ha editado la DoorID 12 - Exterior.
[2014/10/20 - 14:0:23] Tony Zill ha editado la DoorID 23 - Exterior.
[2014/10/20 - 14:0:29] Tony Zill ha editado la DoorID 23 - Exterior.
[2014/10/20 - 14:0:39] Tony Zill ha editado la DoorID 23 - Exterior.
[2014/10/20 - 14:0:46] Tony Zill ha editado la DoorID 24 - Exterior.
[2014/10/20 - 14:2:25] Stil Marley ha editado la DoorID 24 - Exterior.
[2014/10/20 - 14:30:44] Stil Marley ha editado la DoorID 23 - Exterior Personalizado.
[2014/10/20 - 14:33:34] Stil Marley ha editado la DoorID 4 - Exterior.
[2014/10/20 - 14:34:56] Stil Marley ha editado la DoorID 4 - Interior
[2014/10/20 - 14:35:1] Stil Marley ha editado la DoorID 4 - Interior Personalizado.
[2014/10/20 - 14:35:4] Stil Marley ha editado la DoorID 4 - Interior Personalizado.
[2014/10/20 - 14:35:28] Stil Marley ha editado la DoorID 4 - Exterior.
[2014/10/20 - 14:35:42] Stil Marley ha editado la DoorID 4 - Interior Personalizado.
[2014/10/20 - 18:12:49] Stil Marley ha editado la DoorID 9 - Exterior.
[2014/10/20 - 18:12:52] Stil Marley editó la DoorID 9 - nombre a CIA.
[2014/10/20 - 18:12:59] Stil Marley ha editado la DoorID 9 - PickupModel.
[2014/10/20 - 18:15:17] Stil Marley ha editado la DoorID 9 - Interior
[2014/10/20 - 18:15:37] Stil Marley ha editado la DoorID 9 - Exterior Personalizado.
[2014/10/21 - 16:59:46] Tony Zill ha editado la DoorID 32 - Exterior.
[2014/10/21 - 16:59:58] Tony Zill editó la DoorID 32 - nombre a Garage VIP..
[2014/10/21 - 17:0:17] Tony Zill ha editado la DoorID 32 - VIP Nivel.
[2014/10/21 - 17:0:45] Tony Zill ha editado la DoorID 32 - VIP Nivel.
[2014/10/21 - 17:1:52] Tony Zill ha editado la DoorID 32 - Interior
[2014/10/21 - 17:2:11] Tony Zill ha editado la DoorID 32 - Interior Personalizado.
[2014/10/21 - 17:6:8] Tony Zill a borrado DoorID 32.
[2014/10/23 - 17:45:22] Tony Zill ha editado la DoorID 32 - Exterior.
[2014/10/23 - 17:45:28] Tony Zill editó la DoorID 32 - nombre a Helipuerto.
[2014/10/23 - 17:45:44] Tony Zill ha editado la DoorID 32 - Interior
[2014/10/23 - 17:45:47] Tony Zill ha editado la DoorID 32 - Interior Personalizado.
[2014/10/23 - 17:46:21] Tony Zill ha editado la DoorID 32 - Interior Personalizado.
[2014/10/23 - 17:46:23] Tony Zill ha editado la DoorID 32 - Interior Personalizado.
[2014/10/23 - 17:46:27] Tony Zill ha editado la DoorID 32 - Interior
[2014/10/24 - 23:1:2] Stil Marley ha editado la DoorID 57 - Exterior.
[2014/10/24 - 23:1:13] Stil Marley ha editado la DoorID 57 - Exterior.
[2014/11/5 - 10:55:4] Stil Marley ha editado la DoorID 70 - Exterior.
[2014/11/5 - 10:55:13] Stil Marley editó la DoorID 70 - nombre a Prisión SAEM.
[2014/11/5 - 10:55:27] Stil Marley ha editado la DoorID 3 - Facción.
[2014/11/5 - 10:57:20] Stil Marley ha editado la DoorID 70 - Interior
[2014/11/5 - 10:57:22] Stil Marley ha editado la DoorID 70 - Interior Personalizado.
[2014/11/5 - 10:57:53] Stil Marley ha editado la DoorID 70 - Facción.
[2014/11/5 - 11:6:56] Tony Zill ha editado la DoorID 5 - Interior
[2014/11/15 - 10:50:34] Stil Marley ha editado la DoorID 71 - Exterior.
[2014/11/15 - 10:50:40] Stil Marley editó la DoorID 71 - nombre a Tienda de muebles.
[2014/11/15 - 11:31:5] Stil Marley ha editado la DoorID 71 - Interior
[2014/11/15 - 11:31:8] Stil Marley ha editado la DoorID 71 - Interior Personalizado.
[2014/11/15 - 13:29:5] Stil Marley ha editado la DoorID 72 - Exterior.
[2014/11/15 - 13:29:13] Tony Zill editó la DoorID 72 - nombre a Bomberos LS.
[2014/11/15 - 13:29:31] Tony Zill ha editado la DoorID 72 - Interior
[2014/11/15 - 13:29:34] Tony Zill ha editado la DoorID 72 - Interior Personalizado.
[2014/11/15 - 13:53:33] Tony Zill ha editado la DoorID 73 - Exterior.
[2014/11/15 - 13:55:55] Tony Zill ha editado la DoorID 73 - Interior
[2014/11/15 - 13:57:14] Tony Zill editó la DoorID 73 - nombre a Campione d'Italia .
[2014/11/15 - 13:58:58] Tony Zill ha editado la DoorID 74 - Exterior.
[2014/11/15 - 13:59:18] Tony Zill editó la DoorID 74 - nombre a 4 Dragons Casino .
[2014/11/15 - 14:0:7] Stil Marley ha editado la DoorID 74 - Interior
[2014/11/15 - 14:2:4] Stil Marley ha editado la DoorID 75 - Exterior.
[2014/11/15 - 14:2:20] Stil Marley editó la DoorID 75 - nombre a Caligulas Casino .
[2014/11/15 - 14:3:22] Stil Marley ha editado la DoorID 75 - Interior
[2014/11/15 - 17:43:59] Stil Marley ha editado la DoorID 9 - Exterior.
[2014/11/15 - 17:58:55] Stil Marley ha editado la DoorID 32 - Interior
[2014/11/15 - 17:59:2] Stil Marley ha editado la DoorID 32 - Interior Personalizado.
[2015/1/10 - 23:24:26] Stil Marley a borrado DoorID 71.
[2015/6/29 - 23:52:50] Tony Marconi ha editado la DoorID 23 - Exterior.
[2015/6/29 - 23:54:59] Tony Marconi ha editado la DoorID 12 - Exterior.
[2015/6/30 - 17:5:47] Tony Marconi ha editado la DoorID 9 - Exterior.
[2015/6/30 - 17:6:41] Tony Marconi ha editado la DoorID 9 - Exterior.
[2015/6/30 - 17:7:22] Tony Marconi ha editado la DoorID 32 - Exterior.
[2015/6/30 - 17:7:24] Tony Marconi ha editado la DoorID 32 - Exterior.
[2015/6/30 - 17:7:30] Tony Marconi ha editado la DoorID 32 - Interior
[2015/6/30 - 17:7:50] Tony Marconi ha editado la DoorID 32 - Interior
